<?xml version="1.0" encoding="UTF-8"?>
<!-- Generated by org.testng.reporters.JUnitReportReporter -->
<testsuite hostname="shubham-TravelMate-P243" name="AutomationPractice.AppTest" tests="1" failures="0" timestamp="29 Apr 2020 20:41:25 GMT" time="0.038" errors="0">
  <testcase name="testApp" time="0.038" classname="AutomationPractice.AppTest"/>
</testsuite> <!-- AutomationPractice.AppTest -->
